{"E:\\beta-portal\\src\\App.js": {"path":"E:\\beta-portal\\src\\App.js","statementMap":{"0":{"start":{"line":6,"column":12},"end":{"line":17,"column":1}},"1":{"start":{"line":7,"column":21},"end":{"line":7,"column":27}},"2":{"start":{"line":8,"column":1},"end":{"line":16,"column":3}}},"fnMap":{"0":{"name":"(anonymous_0)","decl":{"start":{"line":6,"column":12},"end":{"line":6,"column":13}},"loc":{"start":{"line":6,"column":18},"end":{"line":17,"column":1}},"line":6}},"branchMap":{},"s":{"0":1,"1":1,"2":1},"f":{"0":1},"b":{},"_coverageSchema":"1a1c01bbd47fc00a2c39e90264f33305004495a9","hash":"4a8feebf5ad01285c798fa92ce1ff71c4dd3eb8e"}
}
