{"E:\\beta-portal\\src\\App.js": {"path":"E:\\beta-portal\\src\\App.js","statementMap":{"0":{"start":{"line":6,"column":12},"end":{"line":17,"column":1}},"1":{"start":{"line":7,"column":21},"end":{"line":7,"column":27}},"2":{"start":{"line":8,"column":1},"end":{"line":16,"column":3}}},"fnMap":{"0":{"name":"(anonymous_0)","decl":{"start":{"line":6,"column":12},"end":{"line":6,"column":13}},"loc":{"start":{"line":6,"column":18},"end":{"line":17,"column":1}},"line":6}},"branchMap":{},"s":{"0":2,"1":3,"2":3},"f":{"0":3},"b":{},"_coverageSchema":"1a1c01bbd47fc00a2c39e90264f33305004495a9","hash":"4a8feebf5ad01285c798fa92ce1ff71c4dd3eb8e"}
,"E:\\beta-portal\\src\\Router.js": {"path":"E:\\beta-portal\\src\\Router.js","statementMap":{"0":{"start":{"line":13,"column":15},"end":{"line":28,"column":1}},"1":{"start":{"line":14,"column":1},"end":{"line":27,"column":11}}},"fnMap":{"0":{"name":"(anonymous_0)","decl":{"start":{"line":13,"column":15},"end":{"line":13,"column":16}},"loc":{"start":{"line":13,"column":21},"end":{"line":28,"column":1}},"line":13}},"branchMap":{},"s":{"0":2,"1":3},"f":{"0":3},"b":{},"_coverageSchema":"1a1c01bbd47fc00a2c39e90264f33305004495a9","hash":"886cf433a15b1f28e7454cd6a2bd3b0aa2117f1f"}
,"E:\\beta-portal\\src\\constants.js": {"path":"E:\\beta-portal\\src\\constants.js","statementMap":{"0":{"start":{"line":3,"column":25},"end":{"line":6,"column":1}},"1":{"start":{"line":8,"column":23},"end":{"line":8,"column":45}}},"fnMap":{},"branchMap":{},"s":{"0":4,"1":4},"f":{},"b":{},"_coverageSchema":"1a1c01bbd47fc00a2c39e90264f33305004495a9","hash":"983a99951f2b2bca23193b1d74f0e23d2d9ab227"}
,"E:\\beta-portal\\src\\test-constants.js": {"path":"E:\\beta-portal\\src\\test-constants.js","statementMap":{"0":{"start":{"line":1,"column":27},"end":{"line":21,"column":1}},"1":{"start":{"line":23,"column":31},"end":{"line":70,"column":1}},"2":{"start":{"line":72,"column":44},"end":{"line":77,"column":1}},"3":{"start":{"line":79,"column":41},"end":{"line":84,"column":1}},"4":{"start":{"line":86,"column":37},"end":{"line":88,"column":1}},"5":{"start":{"line":90,"column":34},"end":{"line":101,"column":1}},"6":{"start":{"line":103,"column":28},"end":{"line":103,"column":66}}},"fnMap":{},"branchMap":{},"s":{"0":3,"1":3,"2":3,"3":3,"4":3,"5":3,"6":3},"f":{},"b":{},"_coverageSchema":"1a1c01bbd47fc00a2c39e90264f33305004495a9","hash":"3be51460a19a119fbae4579d0b68fd7766c51a73"}
,"E:\\beta-portal\\src\\actions\\authentication.action.js": {"path":"E:\\beta-portal\\src\\actions\\authentication.action.js","statementMap":{"0":{"start":{"line":6,"column":32},"end":{"line":35,"column":1}},"1":{"start":{"line":6,"column":45},"end":{"line":35,"column":1}},"2":{"start":{"line":7,"column":1},"end":{"line":34,"column":2}},"3":{"start":{"line":8,"column":19},"end":{"line":8,"column":53}},"4":{"start":{"line":10,"column":15},"end":{"line":10,"column":36}},"5":{"start":{"line":12,"column":2},"end":{"line":28,"column":3}},"6":{"start":{"line":13,"column":20},"end":{"line":13,"column":124}},"7":{"start":{"line":13,"column":46},"end":{"line":13,"column":120}},"8":{"start":{"line":14,"column":3},"end":{"line":25,"column":4}},"9":{"start":{"line":15,"column":4},"end":{"line":18,"column":8}},"10":{"start":{"line":20,"column":4},"end":{"line":20,"column":41}},"11":{"start":{"line":22,"column":4},"end":{"line":22,"column":16}},"12":{"start":{"line":24,"column":4},"end":{"line":24,"column":42}},"13":{"start":{"line":27,"column":3},"end":{"line":27,"column":41}},"14":{"start":{"line":30,"column":2},"end":{"line":30,"column":15}},"15":{"start":{"line":32,"column":2},"end":{"line":32,"column":41}},"16":{"start":{"line":33,"column":2},"end":{"line":33,"column":35}},"17":{"start":{"line":37,"column":34},"end":{"line":56,"column":1}},"18":{"start":{"line":37,"column":47},"end":{"line":56,"column":1}},"19":{"start":{"line":38,"column":1},"end":{"line":55,"column":2}},"20":{"start":{"line":39,"column":19},"end":{"line":39,"column":55}},"21":{"start":{"line":41,"column":15},"end":{"line":41,"column":36}},"22":{"start":{"line":43,"column":2},"end":{"line":51,"column":3}},"23":{"start":{"line":44,"column":3},"end":{"line":47,"column":7}},"24":{"start":{"line":46,"column":41},"end":{"line":46,"column":52}},"25":{"start":{"line":49,"column":3},"end":{"line":49,"column":46}},"26":{"start":{"line":50,"column":3},"end":{"line":50,"column":24}},"27":{"start":{"line":53,"column":2},"end":{"line":53,"column":41}},"28":{"start":{"line":54,"column":2},"end":{"line":54,"column":35}},"29":{"start":{"line":58,"column":32},"end":{"line":67,"column":1}},"30":{"start":{"line":58,"column":38},"end":{"line":67,"column":1}},"31":{"start":{"line":59,"column":1},"end":{"line":66,"column":2}},"32":{"start":{"line":60,"column":2},"end":{"line":60,"column":45}},"33":{"start":{"line":62,"column":2},"end":{"line":62,"column":40}},"34":{"start":{"line":64,"column":2},"end":{"line":64,"column":41}},"35":{"start":{"line":65,"column":2},"end":{"line":65,"column":35}},"36":{"start":{"line":69,"column":27},"end":{"line":88,"column":1}},"37":{"start":{"line":69,"column":41},"end":{"line":88,"column":1}},"38":{"start":{"line":70,"column":1},"end":{"line":87,"column":2}},"39":{"start":{"line":71,"column":19},"end":{"line":71,"column":49}},"40":{"start":{"line":73,"column":19},"end":{"line":73,"column":40}},"41":{"start":{"line":75,"column":2},"end":{"line":83,"column":3}},"42":{"start":{"line":76,"column":3},"end":{"line":78,"column":7}},"43":{"start":{"line":80,"column":3},"end":{"line":80,"column":41}},"44":{"start":{"line":82,"column":3},"end":{"line":82,"column":36}},"45":{"start":{"line":85,"column":2},"end":{"line":85,"column":41}},"46":{"start":{"line":86,"column":2},"end":{"line":86,"column":35}}},"fnMap":{"0":{"name":"(anonymous_0)","decl":{"start":{"line":6,"column":32},"end":{"line":6,"column":33}},"loc":{"start":{"line":6,"column":45},"end":{"line":35,"column":1}},"line":6},"1":{"name":"(anonymous_1)","decl":{"start":{"line":6,"column":45},"end":{"line":6,"column":46}},"loc":{"start":{"line":6,"column":65},"end":{"line":35,"column":1}},"line":6},"2":{"name":"(anonymous_2)","decl":{"start":{"line":13,"column":32},"end":{"line":13,"column":33}},"loc":{"start":{"line":13,"column":46},"end":{"line":13,"column":120}},"line":13},"3":{"name":"(anonymous_3)","decl":{"start":{"line":37,"column":34},"end":{"line":37,"column":35}},"loc":{"start":{"line":37,"column":47},"end":{"line":56,"column":1}},"line":37},"4":{"name":"(anonymous_4)","decl":{"start":{"line":37,"column":47},"end":{"line":37,"column":48}},"loc":{"start":{"line":37,"column":67},"end":{"line":56,"column":1}},"line":37},"5":{"name":"(anonymous_5)","decl":{"start":{"line":46,"column":24},"end":{"line":46,"column":25}},"loc":{"start":{"line":46,"column":41},"end":{"line":46,"column":52}},"line":46},"6":{"name":"(anonymous_6)","decl":{"start":{"line":58,"column":32},"end":{"line":58,"column":33}},"loc":{"start":{"line":58,"column":38},"end":{"line":67,"column":1}},"line":58},"7":{"name":"(anonymous_7)","decl":{"start":{"line":58,"column":38},"end":{"line":58,"column":39}},"loc":{"start":{"line":58,"column":58},"end":{"line":67,"column":1}},"line":58},"8":{"name":"(anonymous_8)","decl":{"start":{"line":69,"column":27},"end":{"line":69,"column":28}},"loc":{"start":{"line":69,"column":41},"end":{"line":88,"column":1}},"line":69},"9":{"name":"(anonymous_9)","decl":{"start":{"line":69,"column":41},"end":{"line":69,"column":42}},"loc":{"start":{"line":69,"column":61},"end":{"line":88,"column":1}},"line":69}},"branchMap":{"0":{"loc":{"start":{"line":12,"column":2},"end":{"line":28,"column":3}},"type":"if","locations":[{"start":{"line":12,"column":2},"end":{"line":28,"column":3}},{"start":{"line":26,"column":9},"end":{"line":28,"column":3}}],"line":12},"1":{"loc":{"start":{"line":13,"column":46},"end":{"line":13,"column":120}},"type":"binary-expr","locations":[{"start":{"line":13,"column":46},"end":{"line":13,"column":78}},{"start":{"line":13,"column":82},"end":{"line":13,"column":120}}],"line":13},"2":{"loc":{"start":{"line":14,"column":3},"end":{"line":25,"column":4}},"type":"if","locations":[{"start":{"line":14,"column":3},"end":{"line":25,"column":4}},{"start":{"line":23,"column":10},"end":{"line":25,"column":4}}],"line":14},"3":{"loc":{"start":{"line":43,"column":2},"end":{"line":51,"column":3}},"type":"if","locations":[{"start":{"line":43,"column":2},"end":{"line":51,"column":3}},{"start":{"line":48,"column":9},"end":{"line":51,"column":3}}],"line":43},"4":{"loc":{"start":{"line":75,"column":2},"end":{"line":83,"column":3}},"type":"if","locations":[{"start":{"line":75,"column":2},"end":{"line":83,"column":3}},{"start":{"line":81,"column":9},"end":{"line":83,"column":3}}],"line":75}},"s":{"0":3,"1":8,"2":4,"3":4,"4":4,"5":4,"6":3,"7":2,"8":2,"9":1,"10":1,"11":1,"12":1,"13":1,"14":2,"15":1,"16":1,"17":3,"18":4,"19":3,"20":3,"21":3,"22":3,"23":2,"24":1,"25":1,"26":1,"27":1,"28":1,"29":3,"30":2,"31":1,"32":1,"33":1,"34":0,"35":0,"36":3,"37":4,"38":3,"39":3,"40":3,"41":2,"42":1,"43":1,"44":1,"45":1,"46":1},"f":{"0":8,"1":4,"2":2,"3":4,"4":3,"5":1,"6":2,"7":1,"8":4,"9":3},"b":{"0":[3,1],"1":[2,2],"2":[1,1],"3":[2,1],"4":[1,1]},"_coverageSchema":"1a1c01bbd47fc00a2c39e90264f33305004495a9","hash":"d4edef3992a62e9f8c8948a07d2a797b1647a1ee"}
,"E:\\beta-portal\\src\\actions\\patient.action.js": {"path":"E:\\beta-portal\\src\\actions\\patient.action.js","statementMap":{"0":{"start":{"line":5,"column":32},"end":{"line":18,"column":1}},"1":{"start":{"line":5,"column":38},"end":{"line":18,"column":1}},"2":{"start":{"line":6,"column":1},"end":{"line":17,"column":2}},"3":{"start":{"line":7,"column":19},"end":{"line":7,"column":49}},"4":{"start":{"line":9,"column":19},"end":{"line":9,"column":40}},"5":{"start":{"line":11,"column":2},"end":{"line":13,"column":6}},"6":{"start":{"line":15,"column":2},"end":{"line":15,"column":41}},"7":{"start":{"line":16,"column":2},"end":{"line":16,"column":35}},"8":{"start":{"line":20,"column":29},"end":{"line":35,"column":1}},"9":{"start":{"line":20,"column":42},"end":{"line":35,"column":1}},"10":{"start":{"line":21,"column":1},"end":{"line":34,"column":2}},"11":{"start":{"line":22,"column":19},"end":{"line":22,"column":50}},"12":{"start":{"line":24,"column":18},"end":{"line":24,"column":39}},"13":{"start":{"line":26,"column":2},"end":{"line":28,"column":6}},"14":{"start":{"line":30,"column":2},"end":{"line":30,"column":52}},"15":{"start":{"line":32,"column":2},"end":{"line":32,"column":41}},"16":{"start":{"line":33,"column":2},"end":{"line":33,"column":35}},"17":{"start":{"line":37,"column":27},"end":{"line":52,"column":1}},"18":{"start":{"line":37,"column":45},"end":{"line":52,"column":1}},"19":{"start":{"line":38,"column":1},"end":{"line":51,"column":2}},"20":{"start":{"line":39,"column":19},"end":{"line":39,"column":49}},"21":{"start":{"line":41,"column":18},"end":{"line":41,"column":39}},"22":{"start":{"line":43,"column":2},"end":{"line":45,"column":6}},"23":{"start":{"line":47,"column":2},"end":{"line":47,"column":51}},"24":{"start":{"line":49,"column":2},"end":{"line":49,"column":41}},"25":{"start":{"line":50,"column":2},"end":{"line":50,"column":35}},"26":{"start":{"line":54,"column":29},"end":{"line":69,"column":1}},"27":{"start":{"line":54,"column":41},"end":{"line":69,"column":1}},"28":{"start":{"line":55,"column":1},"end":{"line":68,"column":2}},"29":{"start":{"line":56,"column":19},"end":{"line":56,"column":45}},"30":{"start":{"line":58,"column":2},"end":{"line":58,"column":24}},"31":{"start":{"line":60,"column":2},"end":{"line":62,"column":6}},"32":{"start":{"line":64,"column":2},"end":{"line":64,"column":52}},"33":{"start":{"line":66,"column":2},"end":{"line":66,"column":41}},"34":{"start":{"line":67,"column":2},"end":{"line":67,"column":35}}},"fnMap":{"0":{"name":"(anonymous_0)","decl":{"start":{"line":5,"column":32},"end":{"line":5,"column":33}},"loc":{"start":{"line":5,"column":38},"end":{"line":18,"column":1}},"line":5},"1":{"name":"(anonymous_1)","decl":{"start":{"line":5,"column":38},"end":{"line":5,"column":39}},"loc":{"start":{"line":5,"column":58},"end":{"line":18,"column":1}},"line":5},"2":{"name":"(anonymous_2)","decl":{"start":{"line":20,"column":29},"end":{"line":20,"column":30}},"loc":{"start":{"line":20,"column":42},"end":{"line":35,"column":1}},"line":20},"3":{"name":"(anonymous_3)","decl":{"start":{"line":20,"column":42},"end":{"line":20,"column":43}},"loc":{"start":{"line":20,"column":62},"end":{"line":35,"column":1}},"line":20},"4":{"name":"(anonymous_4)","decl":{"start":{"line":37,"column":27},"end":{"line":37,"column":28}},"loc":{"start":{"line":37,"column":45},"end":{"line":52,"column":1}},"line":37},"5":{"name":"(anonymous_5)","decl":{"start":{"line":37,"column":45},"end":{"line":37,"column":46}},"loc":{"start":{"line":37,"column":65},"end":{"line":52,"column":1}},"line":37},"6":{"name":"(anonymous_6)","decl":{"start":{"line":54,"column":29},"end":{"line":54,"column":30}},"loc":{"start":{"line":54,"column":41},"end":{"line":69,"column":1}},"line":54},"7":{"name":"(anonymous_7)","decl":{"start":{"line":54,"column":41},"end":{"line":54,"column":42}},"loc":{"start":{"line":54,"column":61},"end":{"line":69,"column":1}},"line":54}},"branchMap":{},"s":{"0":3,"1":4,"2":2,"3":2,"4":2,"5":1,"6":1,"7":1,"8":3,"9":4,"10":3,"11":3,"12":3,"13":2,"14":2,"15":1,"16":1,"17":3,"18":2,"19":2,"20":2,"21":2,"22":1,"23":1,"24":1,"25":1,"26":3,"27":2,"28":2,"29":2,"30":2,"31":1,"32":1,"33":1,"34":1},"f":{"0":4,"1":2,"2":4,"3":3,"4":2,"5":2,"6":2,"7":2},"b":{},"_coverageSchema":"1a1c01bbd47fc00a2c39e90264f33305004495a9","hash":"7b745c4b7adef7c065d9716cddb3e4daa359c3d9"}
,"E:\\beta-portal\\src\\api\\authentication.api.js": {"path":"E:\\beta-portal\\src\\api\\authentication.api.js","statementMap":{"0":{"start":{"line":3,"column":35},"end":{"line":7,"column":100}},"1":{"start":{"line":7,"column":18},"end":{"line":7,"column":100}},"2":{"start":{"line":9,"column":37},"end":{"line":12,"column":76}},"3":{"start":{"line":12,"column":17},"end":{"line":12,"column":76}},"4":{"start":{"line":14,"column":30},"end":{"line":20,"column":2}},"5":{"start":{"line":14,"column":50},"end":{"line":20,"column":2}}},"fnMap":{"0":{"name":"(anonymous_0)","decl":{"start":{"line":3,"column":35},"end":{"line":3,"column":36}},"loc":{"start":{"line":7,"column":18},"end":{"line":7,"column":100}},"line":7},"1":{"name":"(anonymous_1)","decl":{"start":{"line":9,"column":37},"end":{"line":9,"column":38}},"loc":{"start":{"line":12,"column":17},"end":{"line":12,"column":76}},"line":12},"2":{"name":"(anonymous_2)","decl":{"start":{"line":14,"column":30},"end":{"line":14,"column":31}},"loc":{"start":{"line":14,"column":50},"end":{"line":20,"column":2}},"line":14}},"branchMap":{},"s":{"0":3,"1":4,"2":3,"3":3,"4":3,"5":3},"f":{"0":4,"1":3,"2":3},"b":{},"_coverageSchema":"1a1c01bbd47fc00a2c39e90264f33305004495a9","hash":"99d5a34d660b35006bef3a2c838507660b52b290"}
,"E:\\beta-portal\\src\\api\\patient.api.js": {"path":"E:\\beta-portal\\src\\api\\patient.api.js","statementMap":{"0":{"start":{"line":3,"column":38},"end":{"line":3,"column":91}},"1":{"start":{"line":3,"column":50},"end":{"line":3,"column":91}},"2":{"start":{"line":5,"column":32},"end":{"line":11,"column":2}},"3":{"start":{"line":5,"column":48},"end":{"line":11,"column":2}},"4":{"start":{"line":13,"column":30},"end":{"line":19,"column":2}},"5":{"start":{"line":13,"column":50},"end":{"line":19,"column":2}},"6":{"start":{"line":21,"column":32},"end":{"line":23,"column":2}},"7":{"start":{"line":21,"column":46},"end":{"line":23,"column":2}}},"fnMap":{"0":{"name":"(anonymous_0)","decl":{"start":{"line":3,"column":38},"end":{"line":3,"column":39}},"loc":{"start":{"line":3,"column":50},"end":{"line":3,"column":91}},"line":3},"1":{"name":"(anonymous_1)","decl":{"start":{"line":5,"column":32},"end":{"line":5,"column":33}},"loc":{"start":{"line":5,"column":48},"end":{"line":11,"column":2}},"line":5},"2":{"name":"(anonymous_2)","decl":{"start":{"line":13,"column":30},"end":{"line":13,"column":31}},"loc":{"start":{"line":13,"column":50},"end":{"line":19,"column":2}},"line":13},"3":{"name":"(anonymous_3)","decl":{"start":{"line":21,"column":32},"end":{"line":21,"column":33}},"loc":{"start":{"line":21,"column":46},"end":{"line":23,"column":2}},"line":21}},"branchMap":{},"s":{"0":3,"1":2,"2":3,"3":3,"4":3,"5":2,"6":3,"7":2},"f":{"0":2,"1":3,"2":2,"3":2},"b":{},"_coverageSchema":"1a1c01bbd47fc00a2c39e90264f33305004495a9","hash":"d6d451580820aef3cfb239ea28c9d341f9123075"}
,"E:\\beta-portal\\src\\components\\LayoutFooter.js": {"path":"E:\\beta-portal\\src\\components\\LayoutFooter.js","statementMap":{"0":{"start":{"line":3,"column":19},"end":{"line":3,"column":25}},"1":{"start":{"line":5,"column":21},"end":{"line":7,"column":1}},"2":{"start":{"line":6,"column":1},"end":{"line":6,"column":117}}},"fnMap":{"0":{"name":"(anonymous_0)","decl":{"start":{"line":5,"column":21},"end":{"line":5,"column":22}},"loc":{"start":{"line":5,"column":27},"end":{"line":7,"column":1}},"line":5}},"branchMap":{},"s":{"0":2,"1":2,"2":3},"f":{"0":3},"b":{},"_coverageSchema":"1a1c01bbd47fc00a2c39e90264f33305004495a9","hash":"402eb3e5bb0f1c007bf3d381d7444c2118275f20"}
,"E:\\beta-portal\\src\\components\\LayoutHeader.js": {"path":"E:\\beta-portal\\src\\components\\LayoutHeader.js","statementMap":{"0":{"start":{"line":12,"column":19},"end":{"line":12,"column":25}},"1":{"start":{"line":14,"column":21},"end":{"line":88,"column":1}},"2":{"start":{"line":15,"column":18},"end":{"line":15,"column":31}},"3":{"start":{"line":16,"column":20},"end":{"line":16,"column":33}},"4":{"start":{"line":17,"column":18},"end":{"line":17,"column":31}},"5":{"start":{"line":18,"column":25},"end":{"line":18,"column":72}},"6":{"start":{"line":18,"column":51},"end":{"line":18,"column":71}},"7":{"start":{"line":19,"column":18},"end":{"line":19,"column":58}},"8":{"start":{"line":19,"column":44},"end":{"line":19,"column":57}},"9":{"start":{"line":20,"column":1},"end":{"line":27,"column":16}},"10":{"start":{"line":21,"column":17},"end":{"line":21,"column":47}},"11":{"start":{"line":22,"column":15},"end":{"line":22,"column":80}},"12":{"start":{"line":24,"column":2},"end":{"line":26,"column":3}},"13":{"start":{"line":25,"column":3},"end":{"line":25,"column":50}},"14":{"start":{"line":29,"column":1},"end":{"line":31,"column":2}},"15":{"start":{"line":30,"column":2},"end":{"line":30,"column":32}},"16":{"start":{"line":34,"column":1},"end":{"line":50,"column":2}},"17":{"start":{"line":36,"column":3},"end":{"line":36,"column":24}},"18":{"start":{"line":37,"column":3},"end":{"line":37,"column":9}},"19":{"start":{"line":40,"column":3},"end":{"line":40,"column":27}},"20":{"start":{"line":41,"column":3},"end":{"line":41,"column":9}},"21":{"start":{"line":45,"column":3},"end":{"line":45,"column":34}},"22":{"start":{"line":46,"column":3},"end":{"line":46,"column":9}},"23":{"start":{"line":49,"column":3},"end":{"line":49,"column":21}},"24":{"start":{"line":52,"column":23},"end":{"line":57,"column":2}},"25":{"start":{"line":53,"column":2},"end":{"line":55,"column":3}},"26":{"start":{"line":54,"column":3},"end":{"line":54,"column":48}},"27":{"start":{"line":56,"column":2},"end":{"line":56,"column":59}},"28":{"start":{"line":56,"column":44},"end":{"line":56,"column":57}},"29":{"start":{"line":59,"column":1},"end":{"line":87,"column":11}}},"fnMap":{"0":{"name":"(anonymous_0)","decl":{"start":{"line":14,"column":21},"end":{"line":14,"column":22}},"loc":{"start":{"line":14,"column":27},"end":{"line":88,"column":1}},"line":14},"1":{"name":"(anonymous_1)","decl":{"start":{"line":18,"column":37},"end":{"line":18,"column":38}},"loc":{"start":{"line":18,"column":51},"end":{"line":18,"column":71}},"line":18},"2":{"name":"(anonymous_2)","decl":{"start":{"line":19,"column":30},"end":{"line":19,"column":31}},"loc":{"start":{"line":19,"column":44},"end":{"line":19,"column":57}},"line":19},"3":{"name":"(anonymous_3)","decl":{"start":{"line":20,"column":11},"end":{"line":20,"column":12}},"loc":{"start":{"line":20,"column":17},"end":{"line":27,"column":2}},"line":20},"4":{"name":"(anonymous_4)","decl":{"start":{"line":52,"column":23},"end":{"line":52,"column":24}},"loc":{"start":{"line":52,"column":29},"end":{"line":57,"column":2}},"line":52},"5":{"name":"(anonymous_5)","decl":{"start":{"line":56,"column":38},"end":{"line":56,"column":39}},"loc":{"start":{"line":56,"column":44},"end":{"line":56,"column":57}},"line":56}},"branchMap":{"0":{"loc":{"start":{"line":22,"column":15},"end":{"line":22,"column":80}},"type":"cond-expr","locations":[{"start":{"line":22,"column":58},"end":{"line":22,"column":67}},{"start":{"line":22,"column":70},"end":{"line":22,"column":80}}],"line":22},"1":{"loc":{"start":{"line":24,"column":2},"end":{"line":26,"column":3}},"type":"if","locations":[{"start":{"line":24,"column":2},"end":{"line":26,"column":3}},{"start":{},"end":{}}],"line":24},"2":{"loc":{"start":{"line":29,"column":1},"end":{"line":31,"column":2}},"type":"if","locations":[{"start":{"line":29,"column":1},"end":{"line":31,"column":2}},{"start":{},"end":{}}],"line":29},"3":{"loc":{"start":{"line":34,"column":1},"end":{"line":50,"column":2}},"type":"switch","locations":[{"start":{"line":35,"column":2},"end":{"line":37,"column":9}},{"start":{"line":39,"column":2},"end":{"line":41,"column":9}},{"start":{"line":43,"column":2},"end":{"line":43,"column":26}},{"start":{"line":44,"column":2},"end":{"line":46,"column":9}},{"start":{"line":48,"column":2},"end":{"line":49,"column":21}}],"line":34},"4":{"loc":{"start":{"line":53,"column":2},"end":{"line":55,"column":3}},"type":"if","locations":[{"start":{"line":53,"column":2},"end":{"line":55,"column":3}},{"start":{},"end":{}}],"line":53},"5":{"loc":{"start":{"line":64,"column":5},"end":{"line":68,"column":15}},"type":"binary-expr","locations":[{"start":{"line":64,"column":5},"end":{"line":64,"column":20}},{"start":{"line":64,"column":24},"end":{"line":64,"column":32}},{"start":{"line":64,"column":36},"end":{"line":68,"column":15}}],"line":64},"6":{"loc":{"start":{"line":69,"column":5},"end":{"line":73,"column":15}},"type":"binary-expr","locations":[{"start":{"line":69,"column":5},"end":{"line":69,"column":20}},{"start":{"line":69,"column":24},"end":{"line":69,"column":33}},{"start":{"line":69,"column":37},"end":{"line":73,"column":15}}],"line":69},"7":{"loc":{"start":{"line":74,"column":5},"end":{"line":77,"column":16}},"type":"binary-expr","locations":[{"start":{"line":74,"column":5},"end":{"line":74,"column":20}},{"start":{"line":75,"column":4},"end":{"line":77,"column":16}}],"line":74},"8":{"loc":{"start":{"line":78,"column":5},"end":{"line":85,"column":15}},"type":"binary-expr","locations":[{"start":{"line":78,"column":5},"end":{"line":78,"column":21}},{"start":{"line":79,"column":4},"end":{"line":85,"column":15}}],"line":78}},"s":{"0":2,"1":2,"2":13,"3":13,"4":12,"5":12,"6":7,"7":12,"8":7,"9":12,"10":11,"11":11,"12":11,"13":1,"14":12,"15":1,"16":12,"17":1,"18":1,"19":1,"20":1,"21":2,"22":2,"23":8,"24":12,"25":1,"26":1,"27":1,"28":1,"29":12},"f":{"0":13,"1":7,"2":7,"3":11,"4":1,"5":1},"b":{"0":[1,10],"1":[1,10],"2":[1,11],"3":[1,1,1,2,8],"4":[1,0],"5":[12,6,4],"6":[12,6,2],"7":[12,6],"8":[12,6]},"_coverageSchema":"1a1c01bbd47fc00a2c39e90264f33305004495a9","hash":"9f69ccbaf872498efcee06e71eac871d635526af"}
,"E:\\beta-portal\\src\\components\\Login.js": {"path":"E:\\beta-portal\\src\\components\\Login.js","statementMap":{"0":{"start":{"line":7,"column":14},"end":{"line":95,"column":1}},"1":{"start":{"line":8,"column":19},"end":{"line":8,"column":29}},"2":{"start":{"line":9,"column":18},"end":{"line":9,"column":31}},"3":{"start":{"line":10,"column":18},"end":{"line":10,"column":31}},"4":{"start":{"line":12,"column":18},"end":{"line":12,"column":106}},"5":{"start":{"line":12,"column":28},"end":{"line":12,"column":106}},"6":{"start":{"line":12,"column":80},"end":{"line":12,"column":105}},"7":{"start":{"line":14,"column":1},"end":{"line":94,"column":13}}},"fnMap":{"0":{"name":"(anonymous_0)","decl":{"start":{"line":7,"column":14},"end":{"line":7,"column":15}},"loc":{"start":{"line":7,"column":20},"end":{"line":95,"column":1}},"line":7},"1":{"name":"(anonymous_1)","decl":{"start":{"line":12,"column":18},"end":{"line":12,"column":19}},"loc":{"start":{"line":12,"column":28},"end":{"line":12,"column":106}},"line":12},"2":{"name":"(anonymous_2)","decl":{"start":{"line":12,"column":66},"end":{"line":12,"column":67}},"loc":{"start":{"line":12,"column":80},"end":{"line":12,"column":105}},"line":12}},"branchMap":{"0":{"loc":{"start":{"line":12,"column":80},"end":{"line":12,"column":105}},"type":"binary-expr","locations":[{"start":{"line":12,"column":80},"end":{"line":12,"column":88}},{"start":{"line":12,"column":92},"end":{"line":12,"column":105}}],"line":12}},"s":{"0":3,"1":7,"2":7,"3":7,"4":6,"5":4,"6":4,"7":6},"f":{"0":7,"1":4,"2":4},"b":{"0":[4,0]},"_coverageSchema":"1a1c01bbd47fc00a2c39e90264f33305004495a9","hash":"30c6be90f94f96d89f377d8e3c4e6db8ba47d993"}
,"E:\\beta-portal\\src\\store\\authentication-slice.js": {"path":"E:\\beta-portal\\src\\store\\authentication-slice.js","statementMap":{"0":{"start":{"line":3,"column":21},"end":{"line":8,"column":1}},"1":{"start":{"line":10,"column":28},"end":{"line":36,"column":2}},"2":{"start":{"line":15,"column":3},"end":{"line":15,"column":32}},"3":{"start":{"line":16,"column":3},"end":{"line":16,"column":44}},"4":{"start":{"line":17,"column":3},"end":{"line":17,"column":45}},"5":{"start":{"line":18,"column":3},"end":{"line":18,"column":44}},"6":{"start":{"line":20,"column":3},"end":{"line":20,"column":82}},"7":{"start":{"line":21,"column":3},"end":{"line":21,"column":64}},"8":{"start":{"line":24,"column":3},"end":{"line":24,"column":33}},"9":{"start":{"line":25,"column":3},"end":{"line":25,"column":26}},"10":{"start":{"line":26,"column":3},"end":{"line":26,"column":23}},"11":{"start":{"line":27,"column":3},"end":{"line":27,"column":25}},"12":{"start":{"line":29,"column":3},"end":{"line":29,"column":39}},"13":{"start":{"line":30,"column":3},"end":{"line":30,"column":37}},"14":{"start":{"line":33,"column":3},"end":{"line":33,"column":44}},"15":{"start":{"line":38,"column":37},"end":{"line":38,"column":64}}},"fnMap":{"0":{"name":"(anonymous_0)","decl":{"start":{"line":14,"column":2},"end":{"line":14,"column":3}},"loc":{"start":{"line":14,"column":23},"end":{"line":22,"column":3}},"line":14},"1":{"name":"(anonymous_1)","decl":{"start":{"line":23,"column":2},"end":{"line":23,"column":3}},"loc":{"start":{"line":23,"column":16},"end":{"line":31,"column":3}},"line":23},"2":{"name":"(anonymous_2)","decl":{"start":{"line":32,"column":2},"end":{"line":32,"column":3}},"loc":{"start":{"line":32,"column":28},"end":{"line":34,"column":3}},"line":32}},"branchMap":{"0":{"loc":{"start":{"line":20,"column":36},"end":{"line":20,"column":80}},"type":"cond-expr","locations":[{"start":{"line":20,"column":71},"end":{"line":20,"column":74}},{"start":{"line":20,"column":77},"end":{"line":20,"column":80}}],"line":20}},"s":{"0":5,"1":5,"2":2,"3":2,"4":2,"5":2,"6":2,"7":2,"8":1,"9":1,"10":1,"11":1,"12":1,"13":1,"14":1,"15":5},"f":{"0":2,"1":1,"2":1},"b":{"0":[1,1]},"_coverageSchema":"1a1c01bbd47fc00a2c39e90264f33305004495a9","hash":"ab2337cc54732b194ee30b6b6d213a0fcbda7fcc"}
,"E:\\beta-portal\\src\\store\\index.js": {"path":"E:\\beta-portal\\src\\store\\index.js","statementMap":{"0":{"start":{"line":6,"column":14},"end":{"line":11,"column":2}}},"fnMap":{},"branchMap":{},"s":{"0":1},"f":{},"b":{},"_coverageSchema":"1a1c01bbd47fc00a2c39e90264f33305004495a9","hash":"b9aa7a4922d8b089eddc0f9291b98a57a1e431b8"}
,"E:\\beta-portal\\src\\store\\patient-slice.js": {"path":"E:\\beta-portal\\src\\store\\patient-slice.js","statementMap":{"0":{"start":{"line":3,"column":21},"end":{"line":5,"column":1}},"1":{"start":{"line":7,"column":21},"end":{"line":38,"column":2}},"2":{"start":{"line":12,"column":3},"end":{"line":12,"column":94}},"3":{"start":{"line":12,"column":62},"end":{"line":12,"column":91}},"4":{"start":{"line":15,"column":25},"end":{"line":15,"column":47}},"5":{"start":{"line":16,"column":3},"end":{"line":22,"column":6}},"6":{"start":{"line":17,"column":4},"end":{"line":19,"column":5}},"7":{"start":{"line":18,"column":5},"end":{"line":18,"column":29}},"8":{"start":{"line":21,"column":4},"end":{"line":21,"column":19}},"9":{"start":{"line":25,"column":3},"end":{"line":25,"column":89}},"10":{"start":{"line":25,"column":55},"end":{"line":25,"column":87}},"11":{"start":{"line":28,"column":3},"end":{"line":28,"column":23}},"12":{"start":{"line":31,"column":19},"end":{"line":31,"column":41}},"13":{"start":{"line":32,"column":3},"end":{"line":35,"column":6}},"14":{"start":{"line":40,"column":30},"end":{"line":40,"column":50}}},"fnMap":{"0":{"name":"(anonymous_0)","decl":{"start":{"line":11,"column":2},"end":{"line":11,"column":3}},"loc":{"start":{"line":11,"column":29},"end":{"line":13,"column":3}},"line":11},"1":{"name":"(anonymous_1)","decl":{"start":{"line":12,"column":48},"end":{"line":12,"column":49}},"loc":{"start":{"line":12,"column":62},"end":{"line":12,"column":91}},"line":12},"2":{"name":"(anonymous_2)","decl":{"start":{"line":14,"column":2},"end":{"line":14,"column":3}},"loc":{"start":{"line":14,"column":29},"end":{"line":23,"column":3}},"line":14},"3":{"name":"(anonymous_3)","decl":{"start":{"line":16,"column":39},"end":{"line":16,"column":40}},"loc":{"start":{"line":16,"column":52},"end":{"line":22,"column":4}},"line":16},"4":{"name":"(anonymous_4)","decl":{"start":{"line":24,"column":2},"end":{"line":24,"column":3}},"loc":{"start":{"line":24,"column":31},"end":{"line":26,"column":3}},"line":24},"5":{"name":"(anonymous_5)","decl":{"start":{"line":25,"column":42},"end":{"line":25,"column":43}},"loc":{"start":{"line":25,"column":55},"end":{"line":25,"column":87}},"line":25},"6":{"name":"(anonymous_6)","decl":{"start":{"line":27,"column":2},"end":{"line":27,"column":3}},"loc":{"start":{"line":27,"column":23},"end":{"line":29,"column":3}},"line":27},"7":{"name":"(anonymous_7)","decl":{"start":{"line":30,"column":2},"end":{"line":30,"column":3}},"loc":{"start":{"line":30,"column":28},"end":{"line":36,"column":3}},"line":30}},"branchMap":{"0":{"loc":{"start":{"line":17,"column":4},"end":{"line":19,"column":5}},"type":"if","locations":[{"start":{"line":17,"column":4},"end":{"line":19,"column":5}},{"start":{},"end":{}}],"line":17}},"s":{"0":4,"1":4,"2":1,"3":1,"4":1,"5":1,"6":2,"7":1,"8":2,"9":1,"10":2,"11":1,"12":1,"13":1,"14":4},"f":{"0":1,"1":1,"2":1,"3":2,"4":1,"5":2,"6":1,"7":1},"b":{"0":[1,1]},"_coverageSchema":"1a1c01bbd47fc00a2c39e90264f33305004495a9","hash":"22da579e2875d3d88d650e9f0a82f8e5ff92c14e"}
,"E:\\beta-portal\\src\\views\\Doctor.js": {"path":"E:\\beta-portal\\src\\views\\Doctor.js","statementMap":{"0":{"start":{"line":4,"column":15},"end":{"line":12,"column":1}},"1":{"start":{"line":5,"column":1},"end":{"line":11,"column":2}},"2":{"start":{"line":6,"column":2},"end":{"line":8,"column":14}},"3":{"start":{"line":10,"column":2},"end":{"line":10,"column":38}}},"fnMap":{"0":{"name":"(anonymous_0)","decl":{"start":{"line":4,"column":15},"end":{"line":4,"column":16}},"loc":{"start":{"line":4,"column":21},"end":{"line":12,"column":1}},"line":4}},"branchMap":{"0":{"loc":{"start":{"line":5,"column":1},"end":{"line":11,"column":2}},"type":"if","locations":[{"start":{"line":5,"column":1},"end":{"line":11,"column":2}},{"start":{"line":9,"column":8},"end":{"line":11,"column":2}}],"line":5},"1":{"loc":{"start":{"line":5,"column":5},"end":{"line":5,"column":79}},"type":"binary-expr","locations":[{"start":{"line":5,"column":5},"end":{"line":5,"column":45}},{"start":{"line":5,"column":49},"end":{"line":5,"column":79}}],"line":5}},"s":{"0":3,"1":1,"2":1,"3":0},"f":{"0":1},"b":{"0":[1,0],"1":[1,1]},"_coverageSchema":"1a1c01bbd47fc00a2c39e90264f33305004495a9","hash":"5b7a2b9fe064bf04159b52764dd7e4b996c6b772"}
,"E:\\beta-portal\\src\\views\\Home.js": {"path":"E:\\beta-portal\\src\\views\\Home.js","statementMap":{"0":{"start":{"line":3,"column":18},"end":{"line":3,"column":28}},"1":{"start":{"line":5,"column":13},"end":{"line":9,"column":1}},"2":{"start":{"line":6,"column":1},"end":{"line":8,"column":10}}},"fnMap":{"0":{"name":"(anonymous_0)","decl":{"start":{"line":5,"column":13},"end":{"line":5,"column":14}},"loc":{"start":{"line":5,"column":19},"end":{"line":9,"column":1}},"line":5}},"branchMap":{},"s":{"0":2,"1":2,"2":2},"f":{"0":2},"b":{},"_coverageSchema":"1a1c01bbd47fc00a2c39e90264f33305004495a9","hash":"aeea5f1bbf4489d9df3c5c8019cb85df26617a3a"}
,"E:\\beta-portal\\src\\views\\NotFound.js": {"path":"E:\\beta-portal\\src\\views\\NotFound.js","statementMap":{"0":{"start":{"line":3,"column":17},"end":{"line":8,"column":1}},"1":{"start":{"line":4,"column":19},"end":{"line":4,"column":29}},"2":{"start":{"line":5,"column":1},"end":{"line":7,"column":10}}},"fnMap":{"0":{"name":"(anonymous_0)","decl":{"start":{"line":3,"column":17},"end":{"line":3,"column":18}},"loc":{"start":{"line":3,"column":23},"end":{"line":8,"column":1}},"line":3}},"branchMap":{},"s":{"0":2,"1":1,"2":1},"f":{"0":1},"b":{},"_coverageSchema":"1a1c01bbd47fc00a2c39e90264f33305004495a9","hash":"212cbd85c67f9ee89adcfae08c6b48785630bd31"}
,"E:\\beta-portal\\src\\views\\Patient.js": {"path":"E:\\beta-portal\\src\\views\\Patient.js","statementMap":{"0":{"start":{"line":4,"column":16},"end":{"line":12,"column":1}},"1":{"start":{"line":5,"column":1},"end":{"line":11,"column":2}},"2":{"start":{"line":6,"column":2},"end":{"line":8,"column":14}},"3":{"start":{"line":10,"column":2},"end":{"line":10,"column":37}}},"fnMap":{"0":{"name":"(anonymous_0)","decl":{"start":{"line":4,"column":16},"end":{"line":4,"column":17}},"loc":{"start":{"line":4,"column":22},"end":{"line":12,"column":1}},"line":4}},"branchMap":{"0":{"loc":{"start":{"line":5,"column":1},"end":{"line":11,"column":2}},"type":"if","locations":[{"start":{"line":5,"column":1},"end":{"line":11,"column":2}},{"start":{"line":9,"column":8},"end":{"line":11,"column":2}}],"line":5},"1":{"loc":{"start":{"line":5,"column":5},"end":{"line":5,"column":79}},"type":"binary-expr","locations":[{"start":{"line":5,"column":5},"end":{"line":5,"column":45}},{"start":{"line":5,"column":49},"end":{"line":5,"column":79}}],"line":5}},"s":{"0":3,"1":1,"2":1,"3":0},"f":{"0":1},"b":{"0":[1,0],"1":[1,1]},"_coverageSchema":"1a1c01bbd47fc00a2c39e90264f33305004495a9","hash":"41730061247b55edb13c5b8ccb132aa773be1904"}
,"E:\\beta-portal\\src\\views\\Patients\\Create.js": {"path":"E:\\beta-portal\\src\\views\\Patients\\Create.js","statementMap":{"0":{"start":{"line":8,"column":15},"end":{"line":22,"column":1}},"1":{"start":{"line":9,"column":19},"end":{"line":9,"column":29}},"2":{"start":{"line":10,"column":18},"end":{"line":10,"column":31}},"3":{"start":{"line":11,"column":18},"end":{"line":11,"column":31}},"4":{"start":{"line":13,"column":23},"end":{"line":15,"column":44}},"5":{"start":{"line":14,"column":2},"end":{"line":15,"column":44}},"6":{"start":{"line":15,"column":15},"end":{"line":15,"column":43}},"7":{"start":{"line":17,"column":1},"end":{"line":21,"column":13}}},"fnMap":{"0":{"name":"(anonymous_0)","decl":{"start":{"line":8,"column":15},"end":{"line":8,"column":16}},"loc":{"start":{"line":8,"column":21},"end":{"line":22,"column":1}},"line":8},"1":{"name":"(anonymous_1)","decl":{"start":{"line":13,"column":23},"end":{"line":13,"column":24}},"loc":{"start":{"line":14,"column":2},"end":{"line":15,"column":44}},"line":14},"2":{"name":"(anonymous_2)","decl":{"start":{"line":15,"column":9},"end":{"line":15,"column":10}},"loc":{"start":{"line":15,"column":15},"end":{"line":15,"column":43}},"line":15}},"branchMap":{},"s":{"0":3,"1":7,"2":7,"3":7,"4":6,"5":1,"6":1,"7":6},"f":{"0":7,"1":1,"2":1},"b":{},"_coverageSchema":"1a1c01bbd47fc00a2c39e90264f33305004495a9","hash":"5fa687efe2dc78522fa0d42d201dd4f37270a31d"}
,"E:\\beta-portal\\src\\views\\Patients\\DetailsForm.js": {"path":"E:\\beta-portal\\src\\views\\Patients\\DetailsForm.js","statementMap":{"0":{"start":{"line":3,"column":20},"end":{"line":208,"column":1}},"1":{"start":{"line":4,"column":20},"end":{"line":4,"column":26}},"2":{"start":{"line":6,"column":1},"end":{"line":207,"column":9}},"3":{"start":{"line":58,"column":11},"end":{"line":68,"column":5}},"4":{"start":{"line":60,"column":6},"end":{"line":62,"column":7}},"5":{"start":{"line":61,"column":7},"end":{"line":61,"column":58}},"6":{"start":{"line":63,"column":6},"end":{"line":65,"column":7}},"7":{"start":{"line":64,"column":7},"end":{"line":64,"column":61}},"8":{"start":{"line":66,"column":6},"end":{"line":66,"column":31}},"9":{"start":{"line":129,"column":11},"end":{"line":139,"column":5}},"10":{"start":{"line":131,"column":6},"end":{"line":133,"column":7}},"11":{"start":{"line":132,"column":7},"end":{"line":132,"column":61}},"12":{"start":{"line":134,"column":6},"end":{"line":136,"column":7}},"13":{"start":{"line":135,"column":7},"end":{"line":135,"column":63}},"14":{"start":{"line":137,"column":6},"end":{"line":137,"column":31}}},"fnMap":{"0":{"name":"(anonymous_0)","decl":{"start":{"line":3,"column":20},"end":{"line":3,"column":21}},"loc":{"start":{"line":3,"column":31},"end":{"line":208,"column":1}},"line":3},"1":{"name":"(anonymous_1)","decl":{"start":{"line":58,"column":4},"end":{"line":58,"column":5}},"loc":{"start":{"line":58,"column":11},"end":{"line":68,"column":5}},"line":58},"2":{"name":"(anonymous_2)","decl":{"start":{"line":59,"column":5},"end":{"line":59,"column":6}},"loc":{"start":{"line":59,"column":25},"end":{"line":67,"column":6}},"line":59},"3":{"name":"(anonymous_3)","decl":{"start":{"line":129,"column":4},"end":{"line":129,"column":5}},"loc":{"start":{"line":129,"column":11},"end":{"line":139,"column":5}},"line":129},"4":{"name":"(anonymous_4)","decl":{"start":{"line":130,"column":5},"end":{"line":130,"column":6}},"loc":{"start":{"line":130,"column":25},"end":{"line":138,"column":6}},"line":130}},"branchMap":{"0":{"loc":{"start":{"line":60,"column":6},"end":{"line":62,"column":7}},"type":"if","locations":[{"start":{"line":60,"column":6},"end":{"line":62,"column":7}},{"start":{},"end":{}}],"line":60},"1":{"loc":{"start":{"line":63,"column":6},"end":{"line":65,"column":7}},"type":"if","locations":[{"start":{"line":63,"column":6},"end":{"line":65,"column":7}},{"start":{},"end":{}}],"line":63},"2":{"loc":{"start":{"line":131,"column":6},"end":{"line":133,"column":7}},"type":"if","locations":[{"start":{"line":131,"column":6},"end":{"line":133,"column":7}},{"start":{},"end":{}}],"line":131},"3":{"loc":{"start":{"line":134,"column":6},"end":{"line":136,"column":7}},"type":"if","locations":[{"start":{"line":134,"column":6},"end":{"line":136,"column":7}},{"start":{},"end":{}}],"line":134},"4":{"loc":{"start":{"line":194,"column":10},"end":{"line":194,"column":39}},"type":"cond-expr","locations":[{"start":{"line":194,"column":32},"end":{"line":194,"column":34}},{"start":{"line":194,"column":37},"end":{"line":194,"column":39}}],"line":194},"5":{"loc":{"start":{"line":195,"column":12},"end":{"line":195,"column":39}},"type":"cond-expr","locations":[{"start":{"line":195,"column":34},"end":{"line":195,"column":35}},{"start":{"line":195,"column":38},"end":{"line":195,"column":39}}],"line":195},"6":{"loc":{"start":{"line":202,"column":4},"end":{"line":204,"column":13}},"type":"binary-expr","locations":[{"start":{"line":202,"column":4},"end":{"line":202,"column":23}},{"start":{"line":202,"column":27},"end":{"line":204,"column":13}}],"line":202}},"s":{"0":3,"1":7,"2":7,"3":3,"4":3,"5":1,"6":2,"7":1,"8":1,"9":3,"10":3,"11":1,"12":2,"13":1,"14":1},"f":{"0":7,"1":3,"2":3,"3":3,"4":3},"b":{"0":[1,2],"1":[1,1],"2":[1,2],"3":[1,1],"4":[0,6],"5":[0,6],"6":[6,0]},"_coverageSchema":"1a1c01bbd47fc00a2c39e90264f33305004495a9","hash":"c9383bd0b7a04ce895fcb0bdeac09c69223345a6"}
,"E:\\beta-portal\\src\\views\\Patients\\Edit.js": {"path":"E:\\beta-portal\\src\\views\\Patients\\Edit.js","statementMap":{"0":{"start":{"line":8,"column":13},"end":{"line":84,"column":1}},"1":{"start":{"line":9,"column":19},"end":{"line":9,"column":29}},"2":{"start":{"line":10,"column":18},"end":{"line":10,"column":31}},"3":{"start":{"line":11,"column":18},"end":{"line":11,"column":31}},"4":{"start":{"line":12,"column":12},"end":{"line":12,"column":50}},"5":{"start":{"line":12,"column":38},"end":{"line":12,"column":49}},"6":{"start":{"line":14,"column":18},"end":{"line":21,"column":2}},"7":{"start":{"line":15,"column":2},"end":{"line":20,"column":3}},"8":{"start":{"line":16,"column":3},"end":{"line":16,"column":44}},"9":{"start":{"line":18,"column":3},"end":{"line":19,"column":46}},"10":{"start":{"line":19,"column":16},"end":{"line":19,"column":44}},"11":{"start":{"line":23,"column":1},"end":{"line":83,"column":13}}},"fnMap":{"0":{"name":"(anonymous_0)","decl":{"start":{"line":8,"column":13},"end":{"line":8,"column":14}},"loc":{"start":{"line":8,"column":19},"end":{"line":84,"column":1}},"line":8},"1":{"name":"(anonymous_1)","decl":{"start":{"line":12,"column":24},"end":{"line":12,"column":25}},"loc":{"start":{"line":12,"column":38},"end":{"line":12,"column":49}},"line":12},"2":{"name":"(anonymous_2)","decl":{"start":{"line":14,"column":18},"end":{"line":14,"column":19}},"loc":{"start":{"line":14,"column":54},"end":{"line":21,"column":2}},"line":14},"3":{"name":"(anonymous_3)","decl":{"start":{"line":19,"column":10},"end":{"line":19,"column":11}},"loc":{"start":{"line":19,"column":16},"end":{"line":19,"column":44}},"line":19}},"branchMap":{"0":{"loc":{"start":{"line":15,"column":2},"end":{"line":20,"column":3}},"type":"if","locations":[{"start":{"line":15,"column":2},"end":{"line":20,"column":3}},{"start":{"line":17,"column":9},"end":{"line":20,"column":3}}],"line":15}},"s":{"0":2,"1":3,"2":3,"3":3,"4":3,"5":2,"6":3,"7":2,"8":1,"9":1,"10":1,"11":3},"f":{"0":3,"1":2,"2":2,"3":1},"b":{"0":[1,1]},"_coverageSchema":"1a1c01bbd47fc00a2c39e90264f33305004495a9","hash":"9c5112c301e1a509d8eede239daf410e9e73eaa1"}
,"E:\\beta-portal\\src\\views\\Patients\\Index.js": {"path":"E:\\beta-portal\\src\\views\\Patients\\Index.js","statementMap":{"0":{"start":{"line":7,"column":14},"end":{"line":121,"column":1}},"1":{"start":{"line":8,"column":18},"end":{"line":8,"column":31}},"2":{"start":{"line":9,"column":18},"end":{"line":22,"column":3}},"3":{"start":{"line":10,"column":2},"end":{"line":21,"column":5}},"4":{"start":{"line":11,"column":3},"end":{"line":20,"column":5}},"5":{"start":{"line":13,"column":60},"end":{"line":15,"column":5}},"6":{"start":{"line":16,"column":77},"end":{"line":18,"column":5}},"7":{"start":{"line":24,"column":1},"end":{"line":24,"column":59}},"8":{"start":{"line":24,"column":17},"end":{"line":24,"column":45}},"9":{"start":{"line":26,"column":19},"end":{"line":26,"column":29}},"10":{"start":{"line":28,"column":17},"end":{"line":110,"column":2}},"11":{"start":{"line":32,"column":35},"end":{"line":32,"column":44}},"12":{"start":{"line":43,"column":22},"end":{"line":43,"column":108}},"13":{"start":{"line":49,"column":22},"end":{"line":49,"column":105}},"14":{"start":{"line":81,"column":4},"end":{"line":87,"column":15}},"15":{"start":{"line":83,"column":35},"end":{"line":85,"column":12}},"16":{"start":{"line":95,"column":4},"end":{"line":101,"column":15}},"17":{"start":{"line":97,"column":41},"end":{"line":99,"column":12}},"18":{"start":{"line":108,"column":19},"end":{"line":108,"column":70}},"19":{"start":{"line":112,"column":1},"end":{"line":120,"column":13}}},"fnMap":{"0":{"name":"(anonymous_0)","decl":{"start":{"line":7,"column":14},"end":{"line":7,"column":15}},"loc":{"start":{"line":7,"column":20},"end":{"line":121,"column":1}},"line":7},"1":{"name":"(anonymous_1)","decl":{"start":{"line":9,"column":30},"end":{"line":9,"column":31}},"loc":{"start":{"line":9,"column":47},"end":{"line":22,"column":2}},"line":9},"2":{"name":"(anonymous_2)","decl":{"start":{"line":10,"column":30},"end":{"line":10,"column":31}},"loc":{"start":{"line":10,"column":50},"end":{"line":21,"column":3}},"line":10},"3":{"name":"(anonymous_3)","decl":{"start":{"line":13,"column":37},"end":{"line":13,"column":38}},"loc":{"start":{"line":13,"column":60},"end":{"line":15,"column":5}},"line":13},"4":{"name":"(anonymous_4)","decl":{"start":{"line":16,"column":59},"end":{"line":16,"column":60}},"loc":{"start":{"line":16,"column":77},"end":{"line":18,"column":5}},"line":16},"5":{"name":"(anonymous_5)","decl":{"start":{"line":24,"column":11},"end":{"line":24,"column":12}},"loc":{"start":{"line":24,"column":17},"end":{"line":24,"column":45}},"line":24},"6":{"name":"(anonymous_6)","decl":{"start":{"line":32,"column":11},"end":{"line":32,"column":12}},"loc":{"start":{"line":32,"column":35},"end":{"line":32,"column":44}},"line":32},"7":{"name":"(anonymous_7)","decl":{"start":{"line":43,"column":11},"end":{"line":43,"column":12}},"loc":{"start":{"line":43,"column":22},"end":{"line":43,"column":108}},"line":43},"8":{"name":"(anonymous_8)","decl":{"start":{"line":49,"column":11},"end":{"line":49,"column":12}},"loc":{"start":{"line":49,"column":22},"end":{"line":49,"column":105}},"line":49},"9":{"name":"(anonymous_9)","decl":{"start":{"line":80,"column":11},"end":{"line":80,"column":12}},"loc":{"start":{"line":81,"column":4},"end":{"line":87,"column":15}},"line":81},"10":{"name":"(anonymous_10)","decl":{"start":{"line":83,"column":20},"end":{"line":83,"column":21}},"loc":{"start":{"line":83,"column":35},"end":{"line":85,"column":12}},"line":83},"11":{"name":"(anonymous_11)","decl":{"start":{"line":94,"column":11},"end":{"line":94,"column":12}},"loc":{"start":{"line":95,"column":4},"end":{"line":101,"column":15}},"line":95},"12":{"name":"(anonymous_12)","decl":{"start":{"line":97,"column":31},"end":{"line":97,"column":32}},"loc":{"start":{"line":97,"column":41},"end":{"line":99,"column":12}},"line":97},"13":{"name":"(anonymous_13)","decl":{"start":{"line":108,"column":11},"end":{"line":108,"column":12}},"loc":{"start":{"line":108,"column":19},"end":{"line":108,"column":70}},"line":108}},"branchMap":{},"s":{"0":3,"1":3,"2":3,"3":2,"4":4,"5":12,"6":8,"7":3,"8":2,"9":2,"10":2,"11":2,"12":2,"13":2,"14":2,"15":6,"16":2,"17":4,"18":2,"19":2},"f":{"0":3,"1":2,"2":4,"3":12,"4":8,"5":2,"6":2,"7":2,"8":2,"9":2,"10":6,"11":2,"12":4,"13":2},"b":{},"_coverageSchema":"1a1c01bbd47fc00a2c39e90264f33305004495a9","hash":"04f7e289d970775154836913d2ae48fe2122b823"}
,"E:\\beta-portal\\src\\views\\Patients\\Profile.js": {"path":"E:\\beta-portal\\src\\views\\Patients\\Profile.js","statementMap":{"0":{"start":{"line":8,"column":16},"end":{"line":64,"column":1}},"1":{"start":{"line":9,"column":19},"end":{"line":9,"column":29}},"2":{"start":{"line":10,"column":33},"end":{"line":10,"column":47}},"3":{"start":{"line":11,"column":14},"end":{"line":11,"column":58}},"4":{"start":{"line":11,"column":40},"end":{"line":11,"column":57}},"5":{"start":{"line":12,"column":18},"end":{"line":12,"column":31}},"6":{"start":{"line":13,"column":1},"end":{"line":36,"column":24}},"7":{"start":{"line":14,"column":2},"end":{"line":35,"column":3}},"8":{"start":{"line":15,"column":3},"end":{"line":34,"column":7}},"9":{"start":{"line":16,"column":24},"end":{"line":16,"column":39}},"10":{"start":{"line":18,"column":5},"end":{"line":29,"column":8}},"11":{"start":{"line":31,"column":5},"end":{"line":33,"column":9}},"12":{"start":{"line":38,"column":1},"end":{"line":63,"column":13}},"13":{"start":{"line":56,"column":47},"end":{"line":56,"column":96}},"14":{"start":{"line":59,"column":58},"end":{"line":60,"column":49}}},"fnMap":{"0":{"name":"(anonymous_0)","decl":{"start":{"line":8,"column":16},"end":{"line":8,"column":17}},"loc":{"start":{"line":8,"column":22},"end":{"line":64,"column":1}},"line":8},"1":{"name":"(anonymous_1)","decl":{"start":{"line":11,"column":26},"end":{"line":11,"column":27}},"loc":{"start":{"line":11,"column":40},"end":{"line":11,"column":57}},"line":11},"2":{"name":"(anonymous_2)","decl":{"start":{"line":13,"column":11},"end":{"line":13,"column":12}},"loc":{"start":{"line":13,"column":17},"end":{"line":36,"column":2}},"line":13},"3":{"name":"(anonymous_3)","decl":{"start":{"line":16,"column":10},"end":{"line":16,"column":11}},"loc":{"start":{"line":16,"column":24},"end":{"line":16,"column":39}},"line":16},"4":{"name":"(anonymous_4)","decl":{"start":{"line":17,"column":10},"end":{"line":17,"column":11}},"loc":{"start":{"line":17,"column":20},"end":{"line":34,"column":5}},"line":17},"5":{"name":"(anonymous_5)","decl":{"start":{"line":56,"column":30},"end":{"line":56,"column":31}},"loc":{"start":{"line":56,"column":47},"end":{"line":56,"column":96}},"line":56},"6":{"name":"(anonymous_6)","decl":{"start":{"line":59,"column":41},"end":{"line":59,"column":42}},"loc":{"start":{"line":59,"column":58},"end":{"line":60,"column":49}},"line":59}},"branchMap":{"0":{"loc":{"start":{"line":14,"column":2},"end":{"line":35,"column":3}},"type":"if","locations":[{"start":{"line":14,"column":2},"end":{"line":35,"column":3}},{"start":{},"end":{}}],"line":14},"1":{"loc":{"start":{"line":40,"column":4},"end":{"line":62,"column":18}},"type":"binary-expr","locations":[{"start":{"line":40,"column":4},"end":{"line":40,"column":12}},{"start":{"line":41,"column":3},"end":{"line":62,"column":18}}],"line":40}},"s":{"0":3,"1":2,"2":2,"3":2,"4":2,"5":2,"6":2,"7":1,"8":1,"9":1,"10":1,"11":1,"12":2,"13":3,"14":2},"f":{"0":2,"1":2,"2":1,"3":1,"4":1,"5":3,"6":2},"b":{"0":[1,0],"1":[2,1]},"_coverageSchema":"1a1c01bbd47fc00a2c39e90264f33305004495a9","hash":"68f92ee1cee6cb39473a714d75f86a5fd81d4354"}
,"E:\\beta-portal\\src\\views\\Patients\\Show.js": {"path":"E:\\beta-portal\\src\\views\\Patients\\Show.js","statementMap":{"0":{"start":{"line":8,"column":13},"end":{"line":39,"column":1}},"1":{"start":{"line":9,"column":18},"end":{"line":9,"column":31}},"2":{"start":{"line":10,"column":18},"end":{"line":10,"column":31}},"3":{"start":{"line":12,"column":19},"end":{"line":12,"column":29}},"4":{"start":{"line":14,"column":16},"end":{"line":14,"column":27}},"5":{"start":{"line":16,"column":17},"end":{"line":16,"column":107}},"6":{"start":{"line":16,"column":47},"end":{"line":16,"column":102}},"7":{"start":{"line":16,"column":84},"end":{"line":16,"column":101}},"8":{"start":{"line":18,"column":1},"end":{"line":22,"column":25}},"9":{"start":{"line":19,"column":2},"end":{"line":21,"column":3}},"10":{"start":{"line":20,"column":3},"end":{"line":20,"column":32}},"11":{"start":{"line":24,"column":21},"end":{"line":24,"column":66}},"12":{"start":{"line":24,"column":31},"end":{"line":24,"column":66}},"13":{"start":{"line":26,"column":30},"end":{"line":26,"column":67}},"14":{"start":{"line":26,"column":36},"end":{"line":26,"column":67}},"15":{"start":{"line":28,"column":1},"end":{"line":38,"column":2}},"16":{"start":{"line":29,"column":2},"end":{"line":35,"column":14}},"17":{"start":{"line":37,"column":2},"end":{"line":37,"column":22}}},"fnMap":{"0":{"name":"(anonymous_0)","decl":{"start":{"line":8,"column":13},"end":{"line":8,"column":14}},"loc":{"start":{"line":8,"column":19},"end":{"line":39,"column":1}},"line":8},"1":{"name":"(anonymous_1)","decl":{"start":{"line":16,"column":30},"end":{"line":16,"column":31}},"loc":{"start":{"line":16,"column":47},"end":{"line":16,"column":102}},"line":16},"2":{"name":"(anonymous_2)","decl":{"start":{"line":16,"column":71},"end":{"line":16,"column":72}},"loc":{"start":{"line":16,"column":84},"end":{"line":16,"column":101}},"line":16},"3":{"name":"(anonymous_3)","decl":{"start":{"line":18,"column":11},"end":{"line":18,"column":12}},"loc":{"start":{"line":18,"column":17},"end":{"line":22,"column":2}},"line":18},"4":{"name":"(anonymous_4)","decl":{"start":{"line":24,"column":21},"end":{"line":24,"column":22}},"loc":{"start":{"line":24,"column":31},"end":{"line":24,"column":66}},"line":24},"5":{"name":"(anonymous_5)","decl":{"start":{"line":26,"column":30},"end":{"line":26,"column":31}},"loc":{"start":{"line":26,"column":36},"end":{"line":26,"column":67}},"line":26}},"branchMap":{"0":{"loc":{"start":{"line":19,"column":2},"end":{"line":21,"column":3}},"type":"if","locations":[{"start":{"line":19,"column":2},"end":{"line":21,"column":3}},{"start":{},"end":{}}],"line":19},"1":{"loc":{"start":{"line":28,"column":1},"end":{"line":38,"column":2}},"type":"if","locations":[{"start":{"line":28,"column":1},"end":{"line":38,"column":2}},{"start":{"line":36,"column":8},"end":{"line":38,"column":2}}],"line":28}},"s":{"0":3,"1":15,"2":15,"3":15,"4":15,"5":15,"6":15,"7":30,"8":15,"9":10,"10":10,"11":15,"12":0,"13":15,"14":0,"15":15,"16":0,"17":15},"f":{"0":15,"1":15,"2":30,"3":10,"4":0,"5":0},"b":{"0":[10,0],"1":[0,15]},"_coverageSchema":"1a1c01bbd47fc00a2c39e90264f33305004495a9","hash":"66b7141405eb64d8596a2f066ba099c503be135d"}
}
