TN:
SF:src\App.js
FN:6,(anonymous_0)
FNF:1
FNH:1
FNDA:3,(anonymous_0)
DA:6,2
DA:7,3
DA:8,3
LF:3
LH:3
BRF:0
BRH:0
end_of_record
TN:
SF:src\Router.js
FN:13,(anonymous_0)
FNF:1
FNH:1
FNDA:3,(anonymous_0)
DA:13,2
DA:14,3
LF:2
LH:2
BRF:0
BRH:0
end_of_record
TN:
SF:src\constants.js
FNF:0
FNH:0
DA:3,4
DA:8,4
LF:2
LH:2
BRF:0
BRH:0
end_of_record
TN:
SF:src\test-constants.js
FNF:0
FNH:0
DA:1,3
DA:23,3
DA:72,3
DA:79,3
DA:86,3
DA:90,3
DA:103,3
LF:7
LH:7
BRF:0
BRH:0
end_of_record
TN:
SF:src\actions\authentication.action.js
FN:6,(anonymous_0)
FN:6,(anonymous_1)
FN:13,(anonymous_2)
FN:31,(anonymous_3)
FN:31,(anonymous_4)
FN:40,(anonymous_5)
FN:52,(anonymous_6)
FN:52,(anonymous_7)
FN:63,(anonymous_8)
FN:63,(anonymous_9)
FNF:10
FNH:10
FNDA:6,(anonymous_0)
FNDA:3,(anonymous_1)
FNDA:1,(anonymous_2)
FNDA:4,(anonymous_3)
FNDA:3,(anonymous_4)
FNDA:1,(anonymous_5)
FNDA:2,(anonymous_6)
FNDA:1,(anonymous_7)
FNDA:4,(anonymous_8)
FNDA:3,(anonymous_9)
DA:6,6
DA:7,3
DA:8,3
DA:10,3
DA:12,3
DA:13,2
DA:14,1
DA:15,1
DA:21,1
DA:23,1
DA:26,1
DA:27,1
DA:31,4
DA:32,3
DA:33,3
DA:35,3
DA:37,3
DA:38,2
DA:40,1
DA:43,1
DA:44,1
DA:47,1
DA:48,1
DA:52,3
DA:53,1
DA:54,1
DA:56,1
DA:58,0
DA:59,0
DA:63,4
DA:64,3
DA:65,3
DA:67,3
DA:69,2
DA:70,1
DA:74,1
DA:76,1
DA:79,1
DA:80,1
LF:39
LH:37
BRDA:12,0,0,2
BRDA:12,0,1,1
BRDA:13,1,0,1
BRDA:13,1,1,1
BRDA:14,2,0,1
BRDA:14,2,1,0
BRDA:37,3,0,2
BRDA:37,3,1,1
BRDA:69,4,0,1
BRDA:69,4,1,1
BRF:10
BRH:9
end_of_record
TN:
SF:src\actions\patient.action.js
FN:5,(anonymous_0)
FN:5,(anonymous_1)
FN:20,(anonymous_2)
FN:20,(anonymous_3)
FN:37,(anonymous_4)
FN:37,(anonymous_5)
FN:54,(anonymous_6)
FN:54,(anonymous_7)
FNF:8
FNH:8
FNDA:4,(anonymous_0)
FNDA:2,(anonymous_1)
FNDA:4,(anonymous_2)
FNDA:3,(anonymous_3)
FNDA:2,(anonymous_4)
FNDA:2,(anonymous_5)
FNDA:2,(anonymous_6)
FNDA:2,(anonymous_7)
DA:5,4
DA:6,2
DA:7,2
DA:9,2
DA:11,1
DA:15,1
DA:16,1
DA:20,4
DA:21,3
DA:22,3
DA:24,3
DA:26,2
DA:30,2
DA:32,1
DA:33,1
DA:37,3
DA:38,2
DA:39,2
DA:41,2
DA:43,1
DA:47,1
DA:49,1
DA:50,1
DA:54,3
DA:55,2
DA:56,2
DA:58,2
DA:60,1
DA:64,1
DA:66,1
DA:67,1
LF:31
LH:31
BRF:0
BRH:0
end_of_record
TN:
SF:src\api\authentication.api.js
FN:3,(anonymous_0)
FN:9,(anonymous_1)
FN:14,(anonymous_2)
FNF:3
FNH:3
FNDA:3,(anonymous_0)
FNDA:3,(anonymous_1)
FNDA:3,(anonymous_2)
DA:3,3
DA:7,3
DA:9,3
DA:12,3
DA:14,3
LF:5
LH:5
BRF:0
BRH:0
end_of_record
TN:
SF:src\api\patient.api.js
FN:3,(anonymous_0)
FN:5,(anonymous_1)
FN:13,(anonymous_2)
FN:21,(anonymous_3)
FNF:4
FNH:4
FNDA:2,(anonymous_0)
FNDA:3,(anonymous_1)
FNDA:2,(anonymous_2)
FNDA:2,(anonymous_3)
DA:3,3
DA:5,3
DA:13,3
DA:21,3
LF:4
LH:4
BRF:0
BRH:0
end_of_record
TN:
SF:src\components\LayoutFooter.js
FN:5,(anonymous_0)
FNF:1
FNH:1
FNDA:3,(anonymous_0)
DA:3,2
DA:5,2
DA:6,3
LF:3
LH:3
BRF:0
BRH:0
end_of_record
TN:
SF:src\components\LayoutHeader.js
FN:14,(anonymous_0)
FN:18,(anonymous_1)
FN:19,(anonymous_2)
FN:20,(anonymous_3)
FN:52,(anonymous_4)
FN:56,(anonymous_5)
FNF:6
FNH:6
FNDA:13,(anonymous_0)
FNDA:7,(anonymous_1)
FNDA:7,(anonymous_2)
FNDA:11,(anonymous_3)
FNDA:1,(anonymous_4)
FNDA:1,(anonymous_5)
DA:12,2
DA:14,2
DA:15,13
DA:16,13
DA:17,12
DA:18,12
DA:19,12
DA:20,12
DA:21,11
DA:22,11
DA:24,11
DA:25,1
DA:29,12
DA:30,1
DA:34,12
DA:36,1
DA:37,1
DA:40,1
DA:41,1
DA:45,2
DA:46,2
DA:49,8
DA:52,12
DA:53,1
DA:54,1
DA:56,1
DA:59,12
LF:27
LH:27
BRDA:22,0,0,1
BRDA:22,0,1,10
BRDA:24,1,0,1
BRDA:24,1,1,10
BRDA:29,2,0,1
BRDA:29,2,1,11
BRDA:34,3,0,1
BRDA:34,3,1,1
BRDA:34,3,2,1
BRDA:34,3,3,2
BRDA:34,3,4,8
BRDA:53,4,0,1
BRDA:53,4,1,0
BRDA:64,5,0,12
BRDA:64,5,1,6
BRDA:64,5,2,4
BRDA:69,6,0,12
BRDA:69,6,1,6
BRDA:69,6,2,2
BRDA:74,7,0,12
BRDA:74,7,1,6
BRDA:78,8,0,12
BRDA:78,8,1,6
BRF:23
BRH:22
end_of_record
TN:
SF:src\components\Login.js
FN:7,(anonymous_0)
FN:12,(anonymous_1)
FN:12,(anonymous_2)
FNF:3
FNH:3
FNDA:9,(anonymous_0)
FNDA:3,(anonymous_1)
FNDA:3,(anonymous_2)
DA:7,3
DA:8,9
DA:9,9
DA:10,9
DA:12,8
DA:14,8
LF:6
LH:6
BRF:0
BRH:0
end_of_record
TN:
SF:src\store\authentication-slice.js
FN:14,(anonymous_0)
FN:23,(anonymous_1)
FN:32,(anonymous_2)
FNF:3
FNH:3
FNDA:2,(anonymous_0)
FNDA:1,(anonymous_1)
FNDA:1,(anonymous_2)
DA:3,5
DA:10,5
DA:15,2
DA:16,2
DA:17,2
DA:18,2
DA:20,2
DA:21,2
DA:24,1
DA:25,1
DA:26,1
DA:27,1
DA:29,1
DA:30,1
DA:33,1
DA:38,5
LF:16
LH:16
BRDA:20,0,0,1
BRDA:20,0,1,1
BRF:2
BRH:2
end_of_record
TN:
SF:src\store\index.js
FNF:0
FNH:0
DA:6,1
LF:1
LH:1
BRF:0
BRH:0
end_of_record
TN:
SF:src\store\patient-slice.js
FN:11,(anonymous_0)
FN:12,(anonymous_1)
FN:14,(anonymous_2)
FN:16,(anonymous_3)
FN:24,(anonymous_4)
FN:25,(anonymous_5)
FN:27,(anonymous_6)
FN:30,(anonymous_7)
FNF:8
FNH:8
FNDA:1,(anonymous_0)
FNDA:1,(anonymous_1)
FNDA:1,(anonymous_2)
FNDA:2,(anonymous_3)
FNDA:1,(anonymous_4)
FNDA:2,(anonymous_5)
FNDA:1,(anonymous_6)
FNDA:1,(anonymous_7)
DA:3,4
DA:7,4
DA:12,1
DA:15,1
DA:16,1
DA:17,2
DA:18,1
DA:21,2
DA:25,2
DA:28,1
DA:31,1
DA:32,1
DA:40,4
LF:13
LH:13
BRDA:17,0,0,1
BRDA:17,0,1,1
BRF:2
BRH:2
end_of_record
TN:
SF:src\views\Doctor.js
FN:4,(anonymous_0)
FNF:1
FNH:1
FNDA:1,(anonymous_0)
DA:4,3
DA:5,1
DA:6,1
DA:10,0
LF:4
LH:3
BRDA:5,0,0,1
BRDA:5,0,1,0
BRDA:5,1,0,1
BRDA:5,1,1,1
BRF:4
BRH:3
end_of_record
TN:
SF:src\views\Home.js
FN:5,(anonymous_0)
FNF:1
FNH:1
FNDA:2,(anonymous_0)
DA:3,2
DA:5,2
DA:6,2
LF:3
LH:3
BRF:0
BRH:0
end_of_record
TN:
SF:src\views\NotFound.js
FN:3,(anonymous_0)
FNF:1
FNH:1
FNDA:1,(anonymous_0)
DA:3,2
DA:4,1
DA:5,1
LF:3
LH:3
BRF:0
BRH:0
end_of_record
TN:
SF:src\views\Patient.js
FN:4,(anonymous_0)
FNF:1
FNH:1
FNDA:1,(anonymous_0)
DA:4,3
DA:5,1
DA:6,1
DA:10,0
LF:4
LH:3
BRDA:5,0,0,1
BRDA:5,0,1,0
BRDA:5,1,0,1
BRDA:5,1,1,1
BRF:4
BRH:3
end_of_record
TN:
SF:src\views\Patients\Create.js
FN:8,(anonymous_0)
FN:13,(anonymous_1)
FN:15,(anonymous_2)
FNF:3
FNH:3
FNDA:7,(anonymous_0)
FNDA:1,(anonymous_1)
FNDA:1,(anonymous_2)
DA:8,3
DA:9,7
DA:10,7
DA:11,7
DA:13,6
DA:14,1
DA:15,1
DA:17,6
LF:8
LH:8
BRF:0
BRH:0
end_of_record
TN:
SF:src\views\Patients\DetailsForm.js
FN:3,(anonymous_0)
FN:58,(anonymous_1)
FN:59,(anonymous_2)
FN:129,(anonymous_3)
FN:130,(anonymous_4)
FNF:5
FNH:5
FNDA:7,(anonymous_0)
FNDA:3,(anonymous_1)
FNDA:3,(anonymous_2)
FNDA:3,(anonymous_3)
FNDA:3,(anonymous_4)
DA:3,3
DA:4,7
DA:6,7
DA:58,3
DA:60,3
DA:61,1
DA:63,2
DA:64,1
DA:66,1
DA:129,3
DA:131,3
DA:132,1
DA:134,2
DA:135,1
DA:137,1
LF:15
LH:15
BRDA:60,0,0,1
BRDA:60,0,1,2
BRDA:63,1,0,1
BRDA:63,1,1,1
BRDA:131,2,0,1
BRDA:131,2,1,2
BRDA:134,3,0,1
BRDA:134,3,1,1
BRDA:194,4,0,0
BRDA:194,4,1,6
BRDA:195,5,0,0
BRDA:195,5,1,6
BRDA:202,6,0,6
BRDA:202,6,1,0
BRF:14
BRH:11
end_of_record
TN:
SF:src\views\Patients\Edit.js
FN:8,(anonymous_0)
FN:12,(anonymous_1)
FN:14,(anonymous_2)
FN:19,(anonymous_3)
FNF:4
FNH:4
FNDA:3,(anonymous_0)
FNDA:2,(anonymous_1)
FNDA:2,(anonymous_2)
FNDA:1,(anonymous_3)
DA:8,2
DA:9,3
DA:10,3
DA:11,3
DA:12,3
DA:14,3
DA:15,2
DA:16,1
DA:18,1
DA:19,1
DA:23,3
LF:11
LH:11
BRDA:15,0,0,1
BRDA:15,0,1,1
BRF:2
BRH:2
end_of_record
TN:
SF:src\views\Patients\Index.js
FN:7,(anonymous_0)
FN:9,(anonymous_1)
FN:10,(anonymous_2)
FN:13,(anonymous_3)
FN:16,(anonymous_4)
FN:24,(anonymous_5)
FN:32,(anonymous_6)
FN:43,(anonymous_7)
FN:49,(anonymous_8)
FN:80,(anonymous_9)
FN:83,(anonymous_10)
FN:94,(anonymous_11)
FN:97,(anonymous_12)
FN:108,(anonymous_13)
FNF:14
FNH:14
FNDA:3,(anonymous_0)
FNDA:2,(anonymous_1)
FNDA:4,(anonymous_2)
FNDA:12,(anonymous_3)
FNDA:8,(anonymous_4)
FNDA:2,(anonymous_5)
FNDA:2,(anonymous_6)
FNDA:2,(anonymous_7)
FNDA:2,(anonymous_8)
FNDA:2,(anonymous_9)
FNDA:6,(anonymous_10)
FNDA:2,(anonymous_11)
FNDA:4,(anonymous_12)
FNDA:2,(anonymous_13)
DA:7,3
DA:8,3
DA:9,3
DA:10,2
DA:11,4
DA:13,12
DA:16,8
DA:24,3
DA:26,2
DA:28,2
DA:32,2
DA:43,2
DA:49,2
DA:81,2
DA:83,6
DA:95,2
DA:97,4
DA:108,2
DA:112,2
LF:19
LH:19
BRF:0
BRH:0
end_of_record
TN:
SF:src\views\Patients\Profile.js
FN:8,(anonymous_0)
FN:11,(anonymous_1)
FN:13,(anonymous_2)
FN:16,(anonymous_3)
FN:17,(anonymous_4)
FN:56,(anonymous_5)
FN:59,(anonymous_6)
FNF:7
FNH:7
FNDA:2,(anonymous_0)
FNDA:2,(anonymous_1)
FNDA:1,(anonymous_2)
FNDA:1,(anonymous_3)
FNDA:1,(anonymous_4)
FNDA:3,(anonymous_5)
FNDA:2,(anonymous_6)
DA:8,3
DA:9,2
DA:10,2
DA:11,2
DA:12,2
DA:13,2
DA:14,1
DA:15,1
DA:16,1
DA:18,1
DA:31,1
DA:38,2
DA:56,3
DA:59,2
LF:14
LH:14
BRDA:14,0,0,1
BRDA:14,0,1,0
BRDA:40,1,0,2
BRDA:40,1,1,1
BRF:4
BRH:3
end_of_record
TN:
SF:src\views\Patients\Show.js
FN:8,(anonymous_0)
FN:16,(anonymous_1)
FN:16,(anonymous_2)
FN:18,(anonymous_3)
FN:24,(anonymous_4)
FN:26,(anonymous_5)
FNF:6
FNH:4
FNDA:15,(anonymous_0)
FNDA:15,(anonymous_1)
FNDA:30,(anonymous_2)
FNDA:10,(anonymous_3)
FNDA:0,(anonymous_4)
FNDA:0,(anonymous_5)
DA:8,3
DA:9,15
DA:10,15
DA:12,15
DA:14,15
DA:16,30
DA:18,15
DA:19,10
DA:20,10
DA:24,15
DA:26,15
DA:28,15
DA:29,0
DA:37,15
LF:14
LH:13
BRDA:19,0,0,10
BRDA:19,0,1,0
BRDA:28,1,0,0
BRDA:28,1,1,15
BRF:4
BRH:2
end_of_record
